<?xml version="1.0" encoding="UTF-8"?>
<testng-results ignored="0" total="1" passed="1" failed="0" skipped="0">
  <reporter-output>
  </reporter-output>
  <suite started-at="2024-02-19T23:16:00 IST" name="Default suite" finished-at="2024-02-19T23:16:01 IST" duration-ms="525">
    <groups>
    </groups>
    <test started-at="2024-02-19T23:16:00 IST" name="Default test" finished-at="2024-02-19T23:16:01 IST" duration-ms="525">
      <class name="sumValidation">
        <test-method signature="sumOfCources()[pri:0, instance:sumValidation@2b6faea6]" started-at="2024-02-19T23:16:00 IST" name="sumOfCources" finished-at="2024-02-19T23:16:01 IST" duration-ms="509" status="PASS">
          <reporter-output>
          </reporter-output>
        </test-method> <!-- sumOfCources -->
      </class> <!-- sumValidation -->
    </test> <!-- Default test -->
  </suite> <!-- Default suite -->
</testng-results>
